1

S 0 -> add_closing_bracket 0 >
S 1 -> add_closing_bracket 1 >
S ( -> add_closing_bracket ( >

add_closing_bracket 0 -> add_closing_bracket 0 >
add_closing_bracket 1 -> add_closing_bracket 1 >
add_closing_bracket a -> add_closing_bracket a >
add_closing_bracket o -> add_closing_bracket o >
add_closing_bracket ( -> add_closing_bracket ( >
add_closing_bracket ) -> add_closing_bracket ) >
add_closing_bracket _ -> add_opening_bracket ) <

add_opening_bracket 0 -> add_opening_bracket 0 <
add_opening_bracket 1 -> add_opening_bracket 1 <
add_opening_bracket a -> add_opening_bracket a <
add_opening_bracket o -> add_opening_bracket o <
add_opening_bracket ( -> add_opening_bracket ( <
add_opening_bracket ) -> add_opening_bracket ) <
add_opening_bracket _ -> begin ( ^

begin ( -> found_opening ( >
begin - -> begin - >
begin 0 -> begin 0 >
begin 1 -> begin 1 >
begin o -> begin o >
begin a -> begin a >
begin _ -> clear _ <

find_opening ( -> found_opening ( >
find_opening - -> find_opening - >
find_opening ) -> find_opening ) >
find_opening 0 -> find_opening 0 >
find_opening 1 -> find_opening 1 >
find_opening o -> find_opening o >
find_opening a -> find_opening a >

found_opening ( -> found_opening ( >
found_opening - -> found_opening - >
found_opening ) -> found_closing ) ^
found_opening 0 -> found_opening 0 >
found_opening 1 -> found_opening 1 >
found_opening o -> found_opening o >
found_opening a -> found_opening a >

found_closing ) -> found_closing # <
found_closing - -> found_closing - <
found_closing ( -> flush_closing - >
found_closing 0 -> found_closing 0 <
found_closing 1 -> found_closing 1 <
found_closing o -> found_closing o <
found_closing a -> and - <

find_opening _ -> walk_to_begin _ <
found_opening _ -> rj _ ^

walk_to_begin ( -> walk_to_begin ( <
walk_to_begin - -> walk_to_begin - <
walk_to_begin ) -> walk_to_begin ) <
walk_to_begin 0 -> walk_to_begin 0 <
walk_to_begin 1 -> walk_to_begin 1 <
walk_to_begin o -> walk_to_begin o <
walk_to_begin a -> walk_to_begin a <
walk_to_begin _ -> begin _ >

and - -> and - <
and 0 -> and_a - >
and 1 -> and_b - >

and_a - -> and_a - >
and_a 0 -> found_closing 0 <
and_a 1 -> found_closing 0 <

and_b - -> and_b - >
and_b 0 -> found_closing 0 <
and_b 1 -> found_closing 1 <

flush_closing - -> flush_closing - >
flush_closing 0 -> flush_closing 0 >
flush_closing 1 -> flush_closing 1 >
flush_closing # -> find_opening - >
flush_closing o -> or - <

or - -> or - <
or 0 -> or_a - >
or 1 -> or_b - >

or_a - -> or_a - >
or_a 0 -> flush_closing 0 >
or_a 1 -> flush_closing 1 >

or_b - -> or_b - >
or_b 0 -> flush_closing 1 >
or_b 1 -> flush_closing 1 >

clear - -> clear _ <
clear 0 -> clear 0 <
clear 1 -> clear 1 <
clear _ -> find _ >

find _ -> find _ >
find 0 -> AC 0 ^
find 1 -> AC 1 ^